DEBUG     Checking PHPLS_ALLOW_XDEBUG
DEBUG     The xdebug extension is not loaded

[Info  - 9:40:57 PM] 7 files total
[Info  - 9:40:57 PM] Indexing project for definitions and static references
Parsing file:///opt/lampp/htdocs/dashboard/phpinfo.php
Parsing file:///opt/lampp/htdocs/dashboard/build-xampp-linux/phpinfo.php
Parsing file:///opt/lampp/htdocs/update_insert_DB.php
Parsing file:///opt/lampp/htdocs/index.php
Parsing file:///opt/lampp/htdocs/invoer.php
Parsing file:///opt/lampp/htdocs/delete_null.php
Parsing file:///opt/lampp/htdocs/config.php
[Info  - 9:40:57 PM] Indexing project for dynamic references
Parsing file:///opt/lampp/htdocs/dashboard/phpinfo.php
Parsing file:///opt/lampp/htdocs/dashboard/build-xampp-linux/phpinfo.php
Parsing file:///opt/lampp/htdocs/update_insert_DB.php
Parsing file:///opt/lampp/htdocs/index.php
Parsing file:///opt/lampp/htdocs/invoer.php
Parsing file:///opt/lampp/htdocs/delete_null.php
Parsing file:///opt/lampp/htdocs/config.php
[Info  - 9:40:58 PM] 0 Packages
[Info  - 9:40:58 PM] All 7 PHP files parsed in 0 seconds. 150 MiB allocated.
